<?xml version="1.0" encoding="UTF-8"?>
<!-- Generated by org.testng.reporters.JUnitXMLReporter -->
<testsuite ignored="0" hostname="DESKTOP-6NQ8E1M" failures="0" tests="3" name="Default test" time="14.905" errors="0" timestamp="2024-10-25T18:43:20 IST">
  <testcase classname="myDemo.ParallelTest" name="testChrome" time="3.21"/>
  <testcase classname="myDemo.ParallelTest" name="testFirefox" time="4.509"/>
  <testcase classname="myDemo.ParallelTest" name="testIE" time="7.126"/>
</testsuite> <!-- Default test -->
