<?xml version="1.0" encoding="UTF-8"?>
<!-- Generated by org.testng.reporters.JUnitXMLReporter -->
<testsuite ignored="0" hostname="DESKTOP-6NQ8E1M" failures="0" tests="3" name="Test" time="13.783" errors="0" timestamp="2024-10-23T21:12:29 IST">
  <testcase classname="testngDemo.ParallelTest" name="testChrome" time="2.797"/>
  <testcase classname="testngDemo.ParallelTest" name="testFirefox" time="3.843"/>
  <testcase classname="testngDemo.ParallelTest" name="testIE" time="7.065"/>
</testsuite> <!-- Test -->
