<?xml version="1.0" encoding="UTF-8"?>
<!-- Generated by org.testng.reporters.JUnitXMLReporter -->
<testsuite ignored="0" hostname="DESKTOP-6NQ8E1M" failures="0" tests="3" name="Default test" time="36.688" errors="0" timestamp="2024-10-23T20:40:58 IST">
  <testcase classname="testngDemo.ParallelTest" name="testChrome" time="4.63"/>
  <testcase classname="testngDemo.ParallelTest" name="testFirefox" time="7.19"/>
  <testcase classname="testngDemo.ParallelTest" name="testIE" time="24.771"/>
</testsuite> <!-- Default test -->
