<?xml version="1.0" encoding="UTF-8"?>
<testng-results ignored="0" total="3" passed="3" failed="0" skipped="0">
  <reporter-output>
  </reporter-output>
  <suite started-at="2024-10-23T21:12:16 IST" name="Suite" finished-at="2024-10-23T21:12:29 IST" duration-ms="13783">
    <groups>
    </groups>
    <test started-at="2024-10-23T21:12:16 IST" name="Test" finished-at="2024-10-23T21:12:29 IST" duration-ms="13783">
      <class name="testngDemo.ParallelTest">
        <test-method signature="testChrome()[pri:0, instance:testngDemo.ParallelTest@5e0826e7]" started-at="2024-10-23T21:12:16 IST" name="testChrome" finished-at="2024-10-23T21:12:19 IST" duration-ms="2797" status="PASS">
          <reporter-output>
          </reporter-output>
        </test-method> <!-- testChrome -->
        <test-method signature="testFirefox()[pri:0, instance:testngDemo.ParallelTest@5e0826e7]" started-at="2024-10-23T21:12:19 IST" name="testFirefox" finished-at="2024-10-23T21:12:22 IST" duration-ms="3843" status="PASS">
          <reporter-output>
          </reporter-output>
        </test-method> <!-- testFirefox -->
        <test-method signature="testIE()[pri:0, instance:testngDemo.ParallelTest@5e0826e7]" started-at="2024-10-23T21:12:22 IST" name="testIE" finished-at="2024-10-23T21:12:29 IST" duration-ms="7065" status="PASS">
          <reporter-output>
          </reporter-output>
        </test-method> <!-- testIE -->
      </class> <!-- testngDemo.ParallelTest -->
    </test> <!-- Test -->
  </suite> <!-- Suite -->
</testng-results>
