<?xml version="1.0" encoding="UTF-8"?>
<testng-results ignored="0" total="3" passed="3" failed="0" skipped="0">
  <reporter-output>
  </reporter-output>
  <suite started-at="2024-10-25T18:43:05 IST" name="Default suite" finished-at="2024-10-25T18:43:20 IST" duration-ms="14905">
    <groups>
    </groups>
    <test started-at="2024-10-25T18:43:05 IST" name="Default test" finished-at="2024-10-25T18:43:20 IST" duration-ms="14905">
      <class name="myDemo.ParallelTest">
        <test-method signature="testChrome()[pri:0, instance:myDemo.ParallelTest@7db12bb6]" started-at="2024-10-25T18:43:05 IST" name="testChrome" finished-at="2024-10-25T18:43:09 IST" duration-ms="3210" status="PASS">
          <reporter-output>
          </reporter-output>
        </test-method> <!-- testChrome -->
        <test-method signature="testFirefox()[pri:0, instance:myDemo.ParallelTest@7db12bb6]" started-at="2024-10-25T18:43:09 IST" name="testFirefox" finished-at="2024-10-25T18:43:13 IST" duration-ms="4509" status="PASS">
          <reporter-output>
          </reporter-output>
        </test-method> <!-- testFirefox -->
        <test-method signature="testIE()[pri:0, instance:myDemo.ParallelTest@7db12bb6]" started-at="2024-10-25T18:43:13 IST" name="testIE" finished-at="2024-10-25T18:43:20 IST" duration-ms="7126" status="PASS">
          <reporter-output>
          </reporter-output>
        </test-method> <!-- testIE -->
      </class> <!-- myDemo.ParallelTest -->
    </test> <!-- Default test -->
  </suite> <!-- Default suite -->
</testng-results>
