<?xml version="1.0" encoding="UTF-8"?>
<testng-results ignored="0" total="3" passed="3" failed="0" skipped="0">
  <reporter-output>
  </reporter-output>
  <suite started-at="2024-10-23T20:40:22 IST" name="Default suite" finished-at="2024-10-23T20:40:58 IST" duration-ms="36688">
    <groups>
    </groups>
    <test started-at="2024-10-23T20:40:22 IST" name="Default test" finished-at="2024-10-23T20:40:58 IST" duration-ms="36688">
      <class name="testngDemo.ParallelTest">
        <test-method signature="testChrome()[pri:0, instance:testngDemo.ParallelTest@41a0aa7d]" started-at="2024-10-23T20:40:22 IST" name="testChrome" finished-at="2024-10-23T20:40:26 IST" duration-ms="4630" status="PASS">
          <reporter-output>
          </reporter-output>
        </test-method> <!-- testChrome -->
        <test-method signature="testFirefox()[pri:0, instance:testngDemo.ParallelTest@41a0aa7d]" started-at="2024-10-23T20:40:26 IST" name="testFirefox" finished-at="2024-10-23T20:40:33 IST" duration-ms="7190" status="PASS">
          <reporter-output>
          </reporter-output>
        </test-method> <!-- testFirefox -->
        <test-method signature="testIE()[pri:0, instance:testngDemo.ParallelTest@41a0aa7d]" started-at="2024-10-23T20:40:33 IST" name="testIE" finished-at="2024-10-23T20:40:58 IST" duration-ms="24771" status="PASS">
          <reporter-output>
          </reporter-output>
        </test-method> <!-- testIE -->
      </class> <!-- testngDemo.ParallelTest -->
    </test> <!-- Default test -->
  </suite> <!-- Default suite -->
</testng-results>
