<?xml version="1.0" encoding="UTF-8"?>
<!-- Generated by org.testng.reporters.JUnitXMLReporter -->
<testsuite ignored="5" hostname="DESKTOP-6NQ8E1M" failures="0" tests="1" name="Login" time="0.073" errors="0" timestamp="2024-10-17T20:50:49 IST">
  <testcase classname="testngDemo.TestColor" name="colorTest" time="0.015"/>
  <testcase classname="testngDemo.TestNGBasic" name="InValidUP" time="0.0">
    <ignored/>
  </testcase> <!-- InValidUP -->
  <testcase classname="testngDemo.TestColor" name="colorButton" time="0.0">
    <ignored/>
  </testcase> <!-- colorButton -->
  <testcase classname="testngDemo.TestNGBasic" name="ValidU" time="0.0">
    <ignored/>
  </testcase> <!-- ValidU -->
  <testcase classname="testngDemo.TestNGBasic" name="ValidUP" time="0.0">
    <ignored/>
  </testcase> <!-- ValidUP -->
  <testcase classname="testngDemo.TestNGBasic" name="ValidP" time="0.0">
    <ignored/>
  </testcase> <!-- ValidP -->
</testsuite> <!-- Login -->
